<?xml version="1.0" encoding="UTF-8"?>
<testsuite xmlns:xsi="http://www.w3.org/2001/XMLSchema-instance" xsi:noNamespaceSchemaLocation="https://maven.apache.org/surefire/maven-surefire-plugin/xsd/surefire-test-report-3.0.xsd" version="3.0" name="lexer.LexerCoolTest" time="0.009" tests="4" errors="0" skipped="0" failures="0">
  <properties>
[...]
</properties>
  <testcase name="testTrueFalseSpecialHandling" classname="lexer.LexerCoolTest" time="0.005"/>
  <testcase name="testKeywordCaseInsensitivity" classname="lexer.LexerCoolTest" time="0.001"/>
  <testcase name="testNegationOperator" classname="lexer.LexerCoolTest" time="0.001"/>
  <testcase name="testSimpleExpression" classname="lexer.LexerCoolTest" time="0.0"/>
</testsuite>